<?xml version="1.0" encoding="UTF-8"?>
<!-- Generated by org.testng.reporters.JUnitReportReporter -->
<testsuite hostname="Mariappans-MBP" name="Java.testng.TestNGBasics" tests="3" failures="0" timestamp="2 Feb 2018 15:44:40 GMT" time="0.012" errors="0">
  <testcase name="Testcase1" time="0.009" classname="Java.testng.TestNGBasics"/>
  <testcase name="Testcase2" time="0.002" classname="Java.testng.TestNGBasics"/>
  <testcase name="Testcase3" time="0.001" classname="Java.testng.TestNGBasics"/>
</testsuite> <!-- Java.testng.TestNGBasics -->
